#
# There is insufficient memory for the Java Runtime Environment to continue.
# Native memory allocation (malloc) failed to allocate 32744 bytes for ChunkPool::allocate
# Possible reasons:
#   The system is out of physical RAM or swap space
#   The process is running with CompressedOops enabled, and the Java Heap may be blocking the growth of the native heap
# Possible solutions:
#   Reduce memory load on the system
#   Increase physical memory or swap space
#   Check if swap backing store is full
#   Decrease Java heap size (-Xmx/-Xms)
#   Decrease number of Java threads
#   Decrease Java thread stack sizes (-Xss)
#   Set larger code cache with -XX:ReservedCodeCacheSize=
#   JVM is running with Unscaled Compressed Oops mode in which the Java heap is
#     placed in the first 4GB address space. The Java Heap base address is the
#     maximum limit for the native heap growth. Please use -XX:HeapBaseMinAddress
#     to set the Java Heap base and to place the Java Heap above 4GB virtual address.
# This output file may be truncated or incomplete.
#
#  Out of Memory Error (allocation.cpp:272), pid=27696, tid=0x00000000000056f0
#
# JRE version: Java(TM) SE Runtime Environment (8.0_231-b11) (build 1.8.0_231-b11)
# Java VM: Java HotSpot(TM) 64-Bit Server VM (25.231-b11 mixed mode windows-amd64 compressed oops)
# Failed to write core dump. Minidumps are not enabled by default on client versions of Windows
#

---------------  T H R E A D  ---------------

Current thread (0x0000000016f79800):  JavaThread "C2 CompilerThread1" daemon [_thread_in_native, id=22256, stack(0x0000000018a70000,0x0000000018b70000)]

Stack: [0x0000000018a70000,0x0000000018b70000]
[error occurred during error reporting (printing stack bounds), id 0xc0000005]

Native frames: (J=compiled Java code, j=interpreted, Vv=VM code, C=native code)


Current CompileTask:
C2:   1446  282       4       java.lang.String::replace (127 bytes)


---------------  P R O C E S S  ---------------

Java Threads: ( => current thread )
  0x000000001895b800 JavaThread "ReaderThread" [_thread_in_native, id=8872, stack(0x0000000018e70000,0x0000000018f70000)]
  0x000000001867a000 JavaThread "Service Thread" daemon [_thread_blocked, id=41508, stack(0x0000000018c70000,0x0000000018d70000)]
  0x0000000016f7a800 JavaThread "C1 CompilerThread2" daemon [_thread_in_native, id=34488, stack(0x0000000018b70000,0x0000000018c70000)]
=>0x0000000016f79800 JavaThread "C2 CompilerThread1" daemon [_thread_in_native, id=22256, stack(0x0000000018a70000,0x0000000018b70000)]
  0x0000000016f23000 JavaThread "C2 CompilerThread0" daemon [_thread_blocked, id=17472, stack(0x0000000018570000,0x0000000018670000)]
  0x0000000016f20800 JavaThread "Attach Listener" daemon [_thread_blocked, id=37448, stack(0x0000000018470000,0x0000000018570000)]
  0x0000000016f1f800 JavaThread "Signal Dispatcher" daemon [_thread_blocked, id=6948, stack(0x0000000018370000,0x0000000018470000)]
  0x0000000016f0a800 JavaThread "Finalizer" daemon [_thread_blocked, id=40164, stack(0x0000000018170000,0x0000000018270000)]
  0x0000000016ee9000 JavaThread "Reference Handler" daemon [_thread_blocked, id=29836, stack(0x0000000018070000,0x0000000018170000)]
  0x0000000004843800 JavaThread "main" [_thread_in_vm, id=43752, stack(0x00000000046d0000,0x00000000047d0000)]

Other Threads:
  0x0000000016ee7800 VMThread [stack: 0x0000000017f70000,0x0000000018070000] [id=42164]
  0x0000000018691800 WatcherThread [stack: 0x0000000018d70000,0x0000000018e70000] [id=40616]

VM state:not at safepoint (normal execution)

VM Mutex/Monitor currently owned by a thread: None

heap address: 0x00000000c1a00000, size: 998 MB, Compressed Oops mode: 32-bit
Narrow klass base: 0x0000000000000000, Narrow klass shift: 3
Compressed class space size: 1073741824 Address: 0x0000000100000000

Heap:
 PSYoungGen      total 18944K, used 5108K [0x00000000eb380000, 0x00000000ec880000, 0x0000000100000000)
  eden space 16384K, 31% used [0x00000000eb380000,0x00000000eb87d000,0x00000000ec380000)
  from space 2560K, 0% used [0x00000000ec600000,0x00000000ec600000,0x00000000ec880000)
  to   space 2560K, 0% used [0x00000000ec380000,0x00000000ec380000,0x00000000ec600000)
 ParOldGen       total 44032K, used 0K [0x00000000c1a00000, 0x00000000c4500000, 0x00000000eb380000)
  object space 44032K, 0% used [0x00000000c1a00000,0x00000000c1a00000,0x00000000c4500000)
 Metaspace       used 5263K, capacity 5316K, committed 5504K, reserved 1056768K
  class space    used 610K, capacity 624K, committed 640K, reserved 1048576K

Card table byte_map: [0x0000000013d00000,0x0000000013f00000] byte_map_base: 0x00000000136f3000

Marking Bits: (ParMarkBitMap*) 0x00000000566a6d90
 Begin Bits: [0x0000000014450000, 0x00000000153e8000)
 End Bits:   [0x00000000153e8000, 0x0000000016380000)

Polling page: 0x00000000047d0000

CodeCache: size=245760Kb used=1691Kb max_used=1700Kb free=244068Kb
 bounds [0x0000000004940000, 0x0000000004bb0000, 0x0000000013940000]
 total_blobs=565 nmethods=285 adapters=193
 compilation: enabled

Compilation events (10 events):
Event: 1.417 Thread 0x0000000016f7a800  280  s    3       java.io.ByteArrayOutputStream::write (66 bytes)
Event: 1.418 Thread 0x0000000016f7a800 nmethod 280 0x0000000004ae5a50 code [0x0000000004ae5c00, 0x0000000004ae6228]
Event: 1.422 Thread 0x0000000016f7a800  281       3       java.util.LinkedHashMap$LinkedHashIterator::nextNode (54 bytes)
Event: 1.422 Thread 0x0000000016f7a800 nmethod 281 0x0000000004ae6450 code [0x0000000004ae65e0, 0x0000000004ae68d8]
Event: 1.426 Thread 0x0000000016f79800  282       4       java.lang.String::replace (127 bytes)
Event: 1.431 Thread 0x0000000016f23000  284       4       java.lang.String::lastIndexOf (52 bytes)
Event: 1.434 Thread 0x0000000016f7a800  285       3       sun.net.www.protocol.file.Handler::parseURL (18 bytes)
Event: 1.434 Thread 0x0000000016f23000 nmethod 284 0x0000000004ae9b50 code [0x0000000004ae9c80, 0x0000000004ae9dd8]
Event: 1.434 Thread 0x0000000016f7a800 nmethod 285 0x0000000004ae9290 code [0x0000000004ae9400, 0x0000000004ae9678]
Event: 1.434 Thread 0x0000000016f7a800  286       3       java.net.URLStreamHandler::parseURL (1193 bytes)

GC Heap History (0 events):
No events

Deoptimization events (1 events):
Event: 1.299 Thread 0x0000000004843800 Uncommon trap: reason=unstable_if action=reinterpret pc=0x0000000004a951c8 method=java.lang.String.startsWith(Ljava/lang/String;I)Z @ 25

Classes redefined (0 events):
No events

Internal exceptions (2 events):
Event: 0.137 Thread 0x0000000004843800 Exception <a 'java/lang/NoSuchMethodError': Method sun.misc.Unsafe.defineClass(Ljava/lang/String;[BII)Ljava/lang/Class; name or signature does not match> (0x00000000eb387cb8) thrown at [C:\re\workspace\8-2-build-windows-amd64-cygwin\jdk8u231\13620\hotspot
Event: 0.137 Thread 0x0000000004843800 Exception <a 'java/lang/NoSuchMethodError': Method sun.misc.Unsafe.prefetchRead(Ljava/lang/Object;J)V name or signature does not match> (0x00000000eb387fa0) thrown at [C:\re\workspace\8-2-build-windows-amd64-cygwin\jdk8u231\13620\hotspot\src\share\vm\prim

Events (10 events):
Event: 1.434 loading class org/junit/internal/runners/rules/RuleMemberValidator$MemberMustBePublic
Event: 1.434 loading class org/junit/internal/runners/rules/RuleMemberValidator$MemberMustBePublic done
Event: 1.435 loading class org/junit/internal/runners/rules/RuleMemberValidator$FieldMustBeATestRule
Event: 1.435 loading class org/junit/internal/runners/rules/RuleMemberValidator$FieldMustBeATestRule done
Event: 1.437 loading class org/junit/Rule
Event: 1.437 loading class org/junit/Rule done
Event: 1.439 loading class org/junit/internal/runners/rules/RuleMemberValidator$MemberMustBeNonStaticOrAlsoClassRule
Event: 1.439 loading class org/junit/internal/runners/rules/RuleMemberValidator$MemberMustBeNonStaticOrAlsoClassRule done
Event: 1.440 loading class org/junit/internal/runners/rules/RuleMemberValidator$FieldMustBeARule
Event: 1.440 loading class org/junit/internal/runners/rules/RuleMemberValidator$FieldMustBeARule done


Dynamic libraries:
0x00007ff63a260000 - 0x00007ff63a297000 	C:\Program Files\Java\jre1.8.0_231\bin\javaw.exe
0x00007ffa82730000 - 0x00007ffa82910000 	C:\WINDOWS\SYSTEM32\ntdll.dll
0x00007ffa80300000 - 0x00007ffa803ae000 	C:\WINDOWS\System32\KERNEL32.DLL
0x00007ffa7f190000 - 0x00007ffa7f3f6000 	C:\WINDOWS\System32\KERNELBASE.dll
0x00007ffa82300000 - 0x00007ffa823a1000 	C:\WINDOWS\System32\ADVAPI32.dll
0x00007ffa823b0000 - 0x00007ffa8244d000 	C:\WINDOWS\System32\msvcrt.dll
0x00007ffa7fc00000 - 0x00007ffa7fc5b000 	C:\WINDOWS\System32\sechost.dll
0x00007ffa82470000 - 0x00007ffa8258f000 	C:\WINDOWS\System32\RPCRT4.dll
0x00007ffa800b0000 - 0x00007ffa8023f000 	C:\WINDOWS\System32\USER32.dll
0x00007ffa7f020000 - 0x00007ffa7f040000 	C:\WINDOWS\System32\win32u.dll
0x00007ffa80b90000 - 0x00007ffa80bb8000 	C:\WINDOWS\System32\GDI32.dll
0x00007ffa7eb30000 - 0x00007ffa7ecc3000 	C:\WINDOWS\System32\gdi32full.dll
0x00007ffa7ed30000 - 0x00007ffa7edcb000 	C:\WINDOWS\System32\msvcp_win.dll
0x00007ffa7f090000 - 0x00007ffa7f186000 	C:\WINDOWS\System32\ucrtbase.dll
0x00007ffa6e8c0000 - 0x00007ffa6eb29000 	C:\WINDOWS\WinSxS\amd64_microsoft.windows.common-controls_6595b64144ccf1df_6.0.16299.371_none_15c7d1789365a290\COMCTL32.dll
0x00007ffa803b0000 - 0x00007ffa806b8000 	C:\WINDOWS\System32\combase.dll
0x00007ffa7efa0000 - 0x00007ffa7f012000 	C:\WINDOWS\System32\bcryptPrimitives.dll
0x00007ffa80e70000 - 0x00007ffa80e9d000 	C:\WINDOWS\System32\IMM32.DLL
0x00007ffa21d40000 - 0x00007ffa21e5f000 	C:\Program Files\Diebold\Warsaw\wslbscr64.dll
0x00007ffa80ea0000 - 0x00007ffa822d6000 	C:\WINDOWS\System32\SHELL32.dll
0x00007ffa7f040000 - 0x00007ffa7f08a000 	C:\WINDOWS\System32\cfgmgr32.dll
0x00007ffa807d0000 - 0x00007ffa80876000 	C:\WINDOWS\System32\shcore.dll
0x00007ffa7f4b0000 - 0x00007ffa7fbf7000 	C:\WINDOWS\System32\windows.storage.dll
0x00007ffa80990000 - 0x00007ffa809e1000 	C:\WINDOWS\System32\shlwapi.dll
0x00007ffa7ea80000 - 0x00007ffa7ea91000 	C:\WINDOWS\System32\kernel.appcore.dll
0x00007ffa7eaa0000 - 0x00007ffa7eaec000 	C:\WINDOWS\System32\powrprof.dll
0x00007ffa7eb10000 - 0x00007ffa7eb2b000 	C:\WINDOWS\System32\profapi.dll
0x00007ffa7dbb0000 - 0x00007ffa7dbe1000 	C:\WINDOWS\SYSTEM32\ntmarta.dll
0x00007ffa219a0000 - 0x00007ffa21a9c000 	C:\Program Files\Diebold\Warsaw\wslbscrwh64.dll
0x0000000055470000 - 0x0000000055542000 	C:\Program Files\Java\jre1.8.0_231\bin\msvcr100.dll
0x0000000055e80000 - 0x0000000056726000 	C:\Program Files\Java\jre1.8.0_231\bin\server\jvm.dll
0x00007ffa822f0000 - 0x00007ffa822f8000 	C:\WINDOWS\System32\PSAPI.DLL
0x00007ffa7d750000 - 0x00007ffa7d759000 	C:\WINDOWS\SYSTEM32\WSOCK32.dll
0x0000000004660000 - 0x00000000046cc000 	C:\WINDOWS\System32\WS2_32.dll
0x00007ffa790d0000 - 0x00007ffa790f3000 	C:\WINDOWS\SYSTEM32\WINMM.dll
0x00007ffa6ebe0000 - 0x00007ffa6ebea000 	C:\WINDOWS\SYSTEM32\VERSION.dll
0x00007ffa790a0000 - 0x00007ffa790ca000 	C:\WINDOWS\SYSTEM32\WINMMBASE.dll
0x00007ffa79fb0000 - 0x00007ffa79fbf000 	C:\Program Files\Java\jre1.8.0_231\bin\verify.dll
0x00007ffa72b20000 - 0x00007ffa72b49000 	C:\Program Files\Java\jre1.8.0_231\bin\java.dll
0x00007ffa79b30000 - 0x00007ffa79b46000 	C:\Program Files\Java\jre1.8.0_231\bin\zip.dll
0x00007ffa72cf0000 - 0x00007ffa72d0a000 	C:\Program Files\Java\jre1.8.0_231\bin\net.dll
0x00007ffa7e2b0000 - 0x00007ffa7e316000 	C:\WINDOWS\system32\mswsock.dll

VM Arguments:
jvm_args: -Dfile.encoding=Cp1252 
java_command: org.eclipse.jdt.internal.junit.runner.RemoteTestRunner -version 3 -port 49281 -testLoaderClass org.eclipse.jdt.internal.junit4.runner.JUnit4TestLoader -loaderpluginname org.eclipse.jdt.junit4.runtime -classNames br.com.ExcucaoTestes.TestInMetrics
java_class_path (initial): C:\Users\Cleiton\Documents\GitHub\Test-InMetrics\workspace\WebProject\bin;C:\eclipse\plugins\org.junit_4.12.0.v201504281640\junit.jar;C:\eclipse\plugins\org.hamcrest.core_1.3.0.v201303031735.jar;C:\Users\Cleiton\Downloads\selenium-java-3.141.59\libs\byte-buddy-1.8.15.jar;C:\Users\Cleiton\Downloads\selenium-java-3.141.59\libs\commons-exec-1.3.jar;C:\Users\Cleiton\Downloads\selenium-java-3.141.59\libs\guava-25.0-jre.jar;C:\Users\Cleiton\Downloads\selenium-java-3.141.59\libs\okhttp-3.11.0.jar;C:\Users\Cleiton\Downloads\selenium-java-3.141.59\libs\okio-1.14.0.jar;C:\Users\Cleiton\Downloads\selenium-java-3.141.59\client-combined-3.141.59.jar;C:\Users\Cleiton\Downloads\selenium-java-3.141.59\client-combined-3.141.59-sources.jar;C:\Users\Cleiton\Downloads\cucumber-core-1.2.5.jar;C:\Users\Cleiton\Downloads\java-json.jar\java-json.jar;C:\Users\Cleiton\Downloads\apache-commons.jar\apache-commons.jar;C:\Users\Cleiton\Downloads\httpcomponents-client-4.5.10-bin\httpcomponents-client-4.5.10\lib\commons-codec-1.11.jar;C:\Users\Cleiton\Downloads\httpcomponents-client-4.5.10-bin\httpcomponents-client-4.5.10\lib\commons-logging-1.2.jar;C:\Users\Cleiton\Downloads\httpcomponents-client-4.5.10-bin\httpcomponents-client-4.5.10\lib\fluent-hc-4.5.10.jar;C:\Users\Cleiton\Downloads\httpcomponents-client-4.5.10-bin\httpcomponents-client-4.5.10\lib\httpclient-4.5.10.jar;C:\Users\Cleiton\Downloads\httpcomponents-client-4.5.10-bin\httpcomponents-client-4.5.10\lib\httpclient-cache-4.5.10.jar;C:\Users\Cleiton\Downloads\httpcomponents-client-4.5.10-bin\httpcomponents-client-4.5.10\lib\httpclient-osgi-4.5.10.jar;C:\Users\Cleiton\Downloads\httpcomponents-client-4.5.10-bin\httpcomponents-client-4.5.10\lib\httpclient-win-4.5.10.jar;C:\Users\Cleiton\Downloads\httpcomponents-client-4.5.10-bin\httpcomponents-client-4.5.10\lib\httpcore-4.4.12.jar;C:\Users\Cleiton\Downloads\httpcomponents-client-4.5.10-bin\httpcomponents-client-4.5.10\lib\httpmime-4.5.10.jar;C:\Users\Cleiton\Dow
Launcher Type: SUN_STANDARD

Environment Variables:
JAVA_HOME=C:\Program Files\Java\jre7
JRE_HOME=C:\Program Files\Java\jdk1.7.0_79
PATH=C:/Program Files/Java/jre1.8.0_231/bin/server;C:/Program Files/Java/jre1.8.0_231/bin;C:/Program Files/Java/jre1.8.0_231/lib/amd64;C:\Program Files (x86)\Common Files\Intel\Shared Files\cpp\bin\Intel64;C:\Program Files (x86)\Common Files\Oracle\Java\javapath;C:\Program Files (x86)\Embarcadero\Studio\18.0\bin;C:\Users\Public\Documents\Embarcadero\Studio\18.0\Bpl;C:\Program Files (x86)\Embarcadero\Studio\18.0\bin64;C:\Users\Public\Documents\Embarcadero\Studio\18.0\Bpl\Win64;C:\ProgramData\Oracle\Java\javapath;C:\Program Files (x86)\Intel\iCLS Client\;C:\Program Files\Intel\iCLS Client\;C:\WINDOWS\system32;C:\WINDOWS;C:\WINDOWS\System32\Wbem;C:\WINDOWS\System32\WindowsPowerShell\v1.0\;C:\Program Files (x86)\Skype\Phone\;C:\Program Files (x86)\GtkSharp\2.12\bin;C:\Program Files\Microsoft SQL Server\Client SDK\ODBC\110\Tools\Binn\;C:\Program Files (x86)\Microsoft SQL Server\120\Tools\Binn\;C:\Program Files\Microsoft SQL Server\120\Tools\Binn\;C:\Program Files\Microsoft SQL Server\120\DTS\Binn\;C:\Program Files (x86)\Microsoft SQL Server\120\Tools\Binn\ManagementStudio\;C:\Program Files (x86)\Microsoft SQL Server\120\DTS\Binn\;C:\Program Files\Samsung\SamsungLink\AllShare Framework DMS\bin\;C:\Program Files (x86)\Intel\Intel(R) Management Engine Components\DAL;C:\Program Files\Intel\Intel(R) Management Engine Components\DAL;C:\Program Files (x86)\Intel\Intel(R) Management Engine Components\IPT;C:\Program Files\Intel\Intel(R) Management Engine Components\IPT;C:\Program Files\MySQL\MySQL Utilities 1.6\;C:\Program Files\Git\cmd;C:\Users\Cleiton\AppData\Local\Microsoft\WindowsApps;;C:\eclipse;
USERNAME=Cleiton
OS=Windows_NT
PROCESSOR_IDENTIFIER=Intel64 Family 6 Model 61 Stepping 4, GenuineIntel



---------------  S Y S T E M  ---------------

OS: Windows 10.0 , 64 bit Build 16299 (10.0.16299.15)

CPU:total 4 (initial active 4) (2 cores per cpu, 2 threads per core) family 6 model 61 stepping 4, cmov, cx8, fxsr, mmx, sse, sse2, sse3, ssse3, sse4.1, sse4.2, popcnt, avx, avx2, aes, clmul, erms, 3dnowpref, lzcnt, ht, tsc, tscinvbit, bmi1, bmi2, adx

Memory: 4k page, physical 4086984k(312128k free), swap 16669896k(3260k free)

vm_info: Java HotSpot(TM) 64-Bit Server VM (25.231-b11) for windows-amd64 JRE (1.8.0_231-b11), built on Oct  5 2019 03:11:30 by "java_re" with MS VC++ 10.0 (VS2010)

time: Fri Nov 22 17:18:30 2019
timezone: Horário brasileiro de verão
elapsed time: 1 seconds (0d 0h 0m 1s)

